<html>
<head>
<title>TestNG:  Surefire test</title>
<link href="../testng.css" rel="stylesheet" type="text/css" />
<link href="../my-testng.css" rel="stylesheet" type="text/css" />

<style type="text/css">
.log { display: none;} 
.stack-trace { display: none;} 
</style>
<script type="text/javascript">
<!--
function flip(e) {
  current = e.style.display;
  if (current == 'block') {
    e.style.display = 'none';
    return 0;
  }
  else {
    e.style.display = 'block';
    return 1;
  }
}

function toggleBox(szDivId, elem, msg1, msg2)
{
  var res = -1;  if (document.getElementById) {
    res = flip(document.getElementById(szDivId));
  }
  else if (document.all) {
    // this is the way old msie versions work
    res = flip(document.all[szDivId]);
  }
  if(elem) {
    if(res == 0) elem.innerHTML = msg1; else elem.innerHTML = msg2;
  }

}

function toggleAllBoxes() {
  if (document.getElementsByTagName) {
    d = document.getElementsByTagName('div');
    for (i = 0; i < d.length; i++) {
      if (d[i].className == 'log') {
        flip(d[i]);
      }
    }
  }
}

// -->
</script>

</head>
<body>
<h2 align='center'>Surefire test</h2><table border='1' align="center">
<tr>
<td>Tests passed/Failed/Skipped:</td><td>0/1/0</td>
</tr><tr>
<td>Started on:</td><td>Wed Feb 23 16:06:11 IST 2022</td>
</tr>
<tr><td>Total time:</td><td>39 seconds (39435 ms)</td>
</tr><tr>
<td>Included groups:</td><td></td>
</tr><tr>
<td>Excluded groups:</td><td></td>
</tr>
</table><p/>
<small><i>(Hover the method name to see the test class name)</i></small><p/>
<table width='100%' border='1' class='invocation-failed'>
<tr><td colspan='4' align='center'><b>FAILED TESTS</b></td></tr>
<tr><td><b>Test method</b></td>
<td width="30%"><b>Exception</b></td>
<td width="10%"><b>Time (seconds)</b></td>
<td><b>Instance</b></td>
</tr>
<tr>
<td title='cucumberOptions.TestRunner.runScenario()'><b>runScenario</b><br>Test class: cucumberOptions.TestRunner<br>Test method: Runs Cucumber Scenarios<br>Parameters: "Login", "Regression"<br/>
<a href="#Output-838800272" onClick='toggleBox("Output-838800272", this, "Show output", "Hide output");'>Show output</a>

<a href="#Output-838800272" onClick="toggleAllBoxes();">Show all outputs</a>
<div class='log' id="Output-838800272">
<div "result">initailize the browser (PASSED : 18s)</div><br/>
<div "result">by using link &quot;https:&#x2F;&#x2F;www.flipkart.com&#x2F;&quot; (PASSED : 9s)</div><br/>
<div "result">CLick on login button (PASSED : 0s)</div><br/>
<div "result">Enter pavanscoool@gmail.com and kpavan1988 submit (FAILED : 10s)</div><br/>
<div "result">user should go to home page (SKIPPED)</div><br/>
</div>
</td>
<td><div><pre>org.openqa.selenium.NoSuchElementException: no such element: Unable to locate element: {&quot;method&quot;:&quot;css selector&quot;,&quot;selector&quot;:&quot;body.fk-modal-visible:nth-child(2) div._2Sn47c:nth-child(13) div._2hriZF._2rbIyg div._2QfC02 div._2MlkI1 div._3wFoIb.row div._36HLxm.col.col-3-5 div:nth-child(1) form:nth-child(1) div.IiD88i._351hSN:nth-child(1) &gt; input._2IX_2-.VJZDxU&quot;}
  (Session info: chrome=98.0.4758.102)
For documentation on this error, please visit: https://selenium.dev/exceptions/#no_such_element
Build info: version: &apos;4.1.0&apos;, revision: &apos;87802e897b&apos;
System info: host: &apos;DESKTOP-SDVES32&apos;, ip: &apos;192.168.117.163&apos;, os.name: &apos;Windows 10&apos;, os.arch: &apos;amd64&apos;, os.version: &apos;10.0&apos;, java.version: &apos;1.8.0_301&apos;
Driver info: org.openqa.selenium.chrome.ChromeDriver
Command: [d6869c49ba1d53cfa2fa1a1550dcb05a, findElement {using=css selector, value=body.fk-modal-visible:nth-child(2) div._2Sn47c:nth-child(13) div._2hriZF._2rbIyg div._2QfC02 div._2MlkI1 div._3wFoIb.row div._36HLxm.col.col-3-5 div:nth-child(1) form:nth-child(1) div.IiD88i._351hSN:nth-child(1) &gt; input._2IX_2-.VJZDxU}]
Capabilities {acceptInsecureCerts: false, browserName: chrome, browserVersion: 98.0.4758.102, chrome: {chromedriverVersion: 98.0.4758.80 (7f0488e8ba0d8..., userDataDir: C:\Users\ajeth\AppData\Loca...}, goog:chromeOptions: {debuggerAddress: localhost:55080}, javascriptEnabled: true, networkConnectionEnabled: false, pageLoadStrategy: normal, platform: WINDOWS, platformName: WINDOWS, proxy: Proxy(), se:cdp: ws://localhost:55080/devtoo..., se:cdpVersion: 98.0.4758.102, setWindowRect: true, strictFileInteractability: false, timeouts: {implicit: 0, pageLoad: 300000, script: 30000}, unhandledPromptBehavior: dismiss and notify, webauthn:extension:credBlob: true, webauthn:extension:largeBlob: true, webauthn:virtualAuthenticators: true}
Session ID: d6869c49ba1d53cfa2fa1a1550dcb05a
	at org.openqa.selenium.remote.codec.w3c.W3CHttpResponseCodec.createException(W3CHttpResponseCodec.java:200)
	at org.openqa.selenium.remote.codec.w3c.W3CHttpResponseCodec.decode(W3CHttpResponseCodec.java:133)
	at org.openqa.selenium.remote.codec.w3c.W3CHttpResponseCodec.decode(W3CHttpResponseCodec.java:53)
	at org.openqa.selenium.remote.HttpCommandExecutor.execute(HttpCommandExecutor.java:184)
	at org.openqa.selenium.remote.service.DriverCommandExecutor.invokeExecute(DriverCommandExecutor.java:164)
	at org.openqa.selenium.remote.service.DriverCommandExecutor.execute(DriverCommandExecutor.java:139)
	at org.openqa.selenium.remote.RemoteWebDriver.execute(RemoteWebDriver.java:559)
	at org.openqa.selenium.remote.ElementLocation$ElementFinder$2.findElement(ElementLocation.java:162)
	at org.openqa.selenium.remote.ElementLocation.findElement(ElementLocation.java:60)
	at org.openqa.selenium.remote.RemoteWebDriver.findElement(RemoteWebDriver.java:383)
	at org.openqa.selenium.remote.RemoteWebDriver.findElement(RemoteWebDriver.java:375)
	at pageObject.LoginPage.userName(LoginPage.java:27)
	at stepDefination.LandingPage.enter_and_submit(LandingPage.java:42)
	at ?.Enter pavanscoool@gmail.com and kpavan1988 submit(src/test/java/featureFile/login.feature:10)
... Removed 4 stack frames</pre></div><a href='#' onClick='toggleBox("stack-trace838800272", this, "Click to show all stack frames", "Click to hide stack frames")'>Click to show all stack frames</a>
<div class='stack-trace' id='stack-trace838800272'><pre>org.openqa.selenium.NoSuchElementException: no such element: Unable to locate element: {&quot;method&quot;:&quot;css selector&quot;,&quot;selector&quot;:&quot;body.fk-modal-visible:nth-child(2) div._2Sn47c:nth-child(13) div._2hriZF._2rbIyg div._2QfC02 div._2MlkI1 div._3wFoIb.row div._36HLxm.col.col-3-5 div:nth-child(1) form:nth-child(1) div.IiD88i._351hSN:nth-child(1) &gt; input._2IX_2-.VJZDxU&quot;}
  (Session info: chrome=98.0.4758.102)
For documentation on this error, please visit: https://selenium.dev/exceptions/#no_such_element
Build info: version: &apos;4.1.0&apos;, revision: &apos;87802e897b&apos;
System info: host: &apos;DESKTOP-SDVES32&apos;, ip: &apos;192.168.117.163&apos;, os.name: &apos;Windows 10&apos;, os.arch: &apos;amd64&apos;, os.version: &apos;10.0&apos;, java.version: &apos;1.8.0_301&apos;
Driver info: org.openqa.selenium.chrome.ChromeDriver
Command: [d6869c49ba1d53cfa2fa1a1550dcb05a, findElement {using=css selector, value=body.fk-modal-visible:nth-child(2) div._2Sn47c:nth-child(13) div._2hriZF._2rbIyg div._2QfC02 div._2MlkI1 div._3wFoIb.row div._36HLxm.col.col-3-5 div:nth-child(1) form:nth-child(1) div.IiD88i._351hSN:nth-child(1) &gt; input._2IX_2-.VJZDxU}]
Capabilities {acceptInsecureCerts: false, browserName: chrome, browserVersion: 98.0.4758.102, chrome: {chromedriverVersion: 98.0.4758.80 (7f0488e8ba0d8..., userDataDir: C:\Users\ajeth\AppData\Loca...}, goog:chromeOptions: {debuggerAddress: localhost:55080}, javascriptEnabled: true, networkConnectionEnabled: false, pageLoadStrategy: normal, platform: WINDOWS, platformName: WINDOWS, proxy: Proxy(), se:cdp: ws://localhost:55080/devtoo..., se:cdpVersion: 98.0.4758.102, setWindowRect: true, strictFileInteractability: false, timeouts: {implicit: 0, pageLoad: 300000, script: 30000}, unhandledPromptBehavior: dismiss and notify, webauthn:extension:credBlob: true, webauthn:extension:largeBlob: true, webauthn:virtualAuthenticators: true}
Session ID: d6869c49ba1d53cfa2fa1a1550dcb05a
	at sun.reflect.NativeConstructorAccessorImpl.newInstance0(Native Method)
	at sun.reflect.NativeConstructorAccessorImpl.newInstance(Unknown Source)
	at sun.reflect.DelegatingConstructorAccessorImpl.newInstance(Unknown Source)
	at java.lang.reflect.Constructor.newInstance(Unknown Source)
	at org.openqa.selenium.remote.codec.w3c.W3CHttpResponseCodec.createException(W3CHttpResponseCodec.java:200)
	at org.openqa.selenium.remote.codec.w3c.W3CHttpResponseCodec.decode(W3CHttpResponseCodec.java:133)
	at org.openqa.selenium.remote.codec.w3c.W3CHttpResponseCodec.decode(W3CHttpResponseCodec.java:53)
	at org.openqa.selenium.remote.HttpCommandExecutor.execute(HttpCommandExecutor.java:184)
	at org.openqa.selenium.remote.service.DriverCommandExecutor.invokeExecute(DriverCommandExecutor.java:164)
	at org.openqa.selenium.remote.service.DriverCommandExecutor.execute(DriverCommandExecutor.java:139)
	at org.openqa.selenium.remote.RemoteWebDriver.execute(RemoteWebDriver.java:559)
	at org.openqa.selenium.remote.ElementLocation$ElementFinder$2.findElement(ElementLocation.java:162)
	at org.openqa.selenium.remote.ElementLocation.findElement(ElementLocation.java:60)
	at org.openqa.selenium.remote.RemoteWebDriver.findElement(RemoteWebDriver.java:383)
	at org.openqa.selenium.remote.RemoteWebDriver.findElement(RemoteWebDriver.java:375)
	at pageObject.LoginPage.userName(LoginPage.java:27)
	at stepDefination.LandingPage.enter_and_submit(LandingPage.java:42)
	at ?.Enter pavanscoool@gmail.com and kpavan1988 submit(src/test/java/featureFile/login.feature:10)
</pre></div></td>
<td>38</td>
<td>cucumberOptions.TestRunner@76707e36</td></tr>
</table><p>
</body>
</html>