<?xml version="1.0" encoding="UTF-8"?>
<!-- Generated by org.testng.reporters.JUnitXMLReporter -->
<testsuite hostname="DESKTOP-SDVES32" ignored="0" name="Surefire test" tests="1" failures="1" timestamp="2022-02-23T16:06:51 IST" time="39.435" errors="0">
  <testcase name="runScenario" time="38.206" classname="cucumber.api.testng.AbstractTestNGCucumberTests">
    <failure type="org.openqa.selenium.NoSuchElementException" message="no such element: Unable to locate element: {&amp;quot;method&amp;quot;:&amp;quot;css selector&amp;quot;,&amp;quot;selector&amp;quot;:&amp;quot;body.fk-modal-visible:nth-child(2) div._2Sn47c:nth-child(13) div._2hriZF._2rbIyg div._2QfC02 div._2MlkI1 div._3wFoIb.row div._36HLxm.col.col-3-5 div:nth-child(1) form:nth-child(1) div.IiD88i._351hSN:nth-child(1) &amp;gt; input._2IX_2-.VJZDxU&amp;quot;}
  (Session info: chrome=98.0.4758.102)
For documentation on this error, please visit: https://selenium.dev/exceptions/#no_such_element
Build info: version: &amp;apos;4.1.0&amp;apos;, revision: &amp;apos;87802e897b&amp;apos;
System info: host: &amp;apos;DESKTOP-SDVES32&amp;apos;, ip: &amp;apos;192.168.117.163&amp;apos;, os.name: &amp;apos;Windows 10&amp;apos;, os.arch: &amp;apos;amd64&amp;apos;, os.version: &amp;apos;10.0&amp;apos;, java.version: &amp;apos;1.8.0_301&amp;apos;
Driver info: org.openqa.selenium.chrome.ChromeDriver
Command: [d6869c49ba1d53cfa2fa1a1550dcb05a, findElement {using=css selector, value=body.fk-modal-visible:nth-child(2) div._2Sn47c:nth-child(13) div._2hriZF._2rbIyg div._2QfC02 div._2MlkI1 div._3wFoIb.row div._36HLxm.col.col-3-5 div:nth-child(1) form:nth-child(1) div.IiD88i._351hSN:nth-child(1) &amp;gt; input._2IX_2-.VJZDxU}]
Capabilities {acceptInsecureCerts: false, browserName: chrome, browserVersion: 98.0.4758.102, chrome: {chromedriverVersion: 98.0.4758.80 (7f0488e8ba0d8..., userDataDir: C:\Users\ajeth\AppData\Loca...}, goog:chromeOptions: {debuggerAddress: localhost:55080}, javascriptEnabled: true, networkConnectionEnabled: false, pageLoadStrategy: normal, platform: WINDOWS, platformName: WINDOWS, proxy: Proxy(), se:cdp: ws://localhost:55080/devtoo..., se:cdpVersion: 98.0.4758.102, setWindowRect: true, strictFileInteractability: false, timeouts: {implicit: 0, pageLoad: 300000, script: 30000}, unhandledPromptBehavior: dismiss and notify, webauthn:extension:credBlob: true, webauthn:extension:largeBlob: true, webauthn:virtualAuthenticators: true}
Session ID: d6869c49ba1d53cfa2fa1a1550dcb05a">
      <![CDATA[org.openqa.selenium.NoSuchElementException: no such element: Unable to locate element: {"method":"css selector","selector":"body.fk-modal-visible:nth-child(2) div._2Sn47c:nth-child(13) div._2hriZF._2rbIyg div._2QfC02 div._2MlkI1 div._3wFoIb.row div._36HLxm.col.col-3-5 div:nth-child(1) form:nth-child(1) div.IiD88i._351hSN:nth-child(1) > input._2IX_2-.VJZDxU"}
  (Session info: chrome=98.0.4758.102)
For documentation on this error, please visit: https://selenium.dev/exceptions/#no_such_element
Build info: version: '4.1.0', revision: '87802e897b'
System info: host: 'DESKTOP-SDVES32', ip: '192.168.117.163', os.name: 'Windows 10', os.arch: 'amd64', os.version: '10.0', java.version: '1.8.0_301'
Driver info: org.openqa.selenium.chrome.ChromeDriver
Command: [d6869c49ba1d53cfa2fa1a1550dcb05a, findElement {using=css selector, value=body.fk-modal-visible:nth-child(2) div._2Sn47c:nth-child(13) div._2hriZF._2rbIyg div._2QfC02 div._2MlkI1 div._3wFoIb.row div._36HLxm.col.col-3-5 div:nth-child(1) form:nth-child(1) div.IiD88i._351hSN:nth-child(1) > input._2IX_2-.VJZDxU}]
Capabilities {acceptInsecureCerts: false, browserName: chrome, browserVersion: 98.0.4758.102, chrome: {chromedriverVersion: 98.0.4758.80 (7f0488e8ba0d8..., userDataDir: C:\Users\ajeth\AppData\Loca...}, goog:chromeOptions: {debuggerAddress: localhost:55080}, javascriptEnabled: true, networkConnectionEnabled: false, pageLoadStrategy: normal, platform: WINDOWS, platformName: WINDOWS, proxy: Proxy(), se:cdp: ws://localhost:55080/devtoo..., se:cdpVersion: 98.0.4758.102, setWindowRect: true, strictFileInteractability: false, timeouts: {implicit: 0, pageLoad: 300000, script: 30000}, unhandledPromptBehavior: dismiss and notify, webauthn:extension:credBlob: true, webauthn:extension:largeBlob: true, webauthn:virtualAuthenticators: true}
Session ID: d6869c49ba1d53cfa2fa1a1550dcb05a
at org.openqa.selenium.remote.codec.w3c.W3CHttpResponseCodec.createException(W3CHttpResponseCodec.java:200)
at org.openqa.selenium.remote.codec.w3c.W3CHttpResponseCodec.decode(W3CHttpResponseCodec.java:133)
at org.openqa.selenium.remote.codec.w3c.W3CHttpResponseCodec.decode(W3CHttpResponseCodec.java:53)
at org.openqa.selenium.remote.HttpCommandExecutor.execute(HttpCommandExecutor.java:184)
at org.openqa.selenium.remote.service.DriverCommandExecutor.invokeExecute(DriverCommandExecutor.java:164)
at org.openqa.selenium.remote.service.DriverCommandExecutor.execute(DriverCommandExecutor.java:139)
at org.openqa.selenium.remote.RemoteWebDriver.execute(RemoteWebDriver.java:559)
at org.openqa.selenium.remote.ElementLocation$ElementFinder$2.findElement(ElementLocation.java:162)
at org.openqa.selenium.remote.ElementLocation.findElement(ElementLocation.java:60)
at org.openqa.selenium.remote.RemoteWebDriver.findElement(RemoteWebDriver.java:383)
at org.openqa.selenium.remote.RemoteWebDriver.findElement(RemoteWebDriver.java:375)
at pageObject.LoginPage.userName(LoginPage.java:27)
at stepDefination.LandingPage.enter_and_submit(LandingPage.java:42)
at âœ½.Enter pavanscoool@gmail.com and kpavan1988 submit(src/test/java/featureFile/login.feature:10)
... Removed 4 stack frames]]>
    </failure>
  </testcase> <!-- runScenario -->
</testsuite> <!-- Surefire test -->
