<?xml version="1.0" encoding="UTF-8"?>
<testng-results skipped="0" failed="1" ignored="0" total="1" passed="0">
  <reporter-output>
    <line>
      <![CDATA[<div "result">initailize the browser (PASSED : 18s)</div>]]>
    </line>
    <line>
      <![CDATA[<div "result">by using link &quot;https:&#x2F;&#x2F;www.flipkart.com&#x2F;&quot; (PASSED : 9s)</div>]]>
    </line>
    <line>
      <![CDATA[<div "result">CLick on login button (PASSED : 0s)</div>]]>
    </line>
    <line>
      <![CDATA[<div "result">Enter pavanscoool@gmail.com and kpavan1988 submit (FAILED : 10s)</div>]]>
    </line>
    <line>
      <![CDATA[<div "result">user should go to home page (SKIPPED)</div>]]>
    </line>
  </reporter-output>
  <suite name="Surefire suite" duration-ms="39435" started-at="2022-02-23T16:06:11 IST" finished-at="2022-02-23T16:06:50 IST">
    <groups>
      <group name="cucumber">
        <method signature="AbstractTestNGCucumberTests.runScenario(cucumber.api.testng.PickleEventWrapper,cucumber.api.testng.CucumberFeatureWrapper)[pri:0, instance:cucumberOptions.TestRunner@76707e36]" name="runScenario" class="cucumber.api.testng.AbstractTestNGCucumberTests"/>
      </group> <!-- cucumber -->
    </groups>
    <test name="Surefire test" duration-ms="39435" started-at="2022-02-23T16:06:11 IST" finished-at="2022-02-23T16:06:50 IST">
      <class name="cucumberOptions.TestRunner">
        <test-method status="PASS" signature="setUpClass()[pri:0, instance:cucumberOptions.TestRunner@76707e36]" name="setUpClass" is-config="true" duration-ms="1026" started-at="2022-02-23T16:06:11 IST" finished-at="2022-02-23T16:06:12 IST">
          <reporter-output>
          </reporter-output>
        </test-method> <!-- setUpClass -->
        <test-method status="FAIL" signature="runScenario(cucumber.api.testng.PickleEventWrapper,cucumber.api.testng.CucumberFeatureWrapper)[pri:0, instance:cucumberOptions.TestRunner@76707e36]" name="runScenario" duration-ms="38206" started-at="2022-02-23T16:06:12 IST" description="Runs Cucumber Scenarios" data-provider="scenarios" finished-at="2022-02-23T16:06:50 IST">
          <params>
            <param index="0">
              <value>
                <![CDATA["Login"]]>
              </value>
            </param>
            <param index="1">
              <value>
                <![CDATA["Regression"]]>
              </value>
            </param>
          </params>
          <exception class="org.openqa.selenium.NoSuchElementException">
            <message>
              <![CDATA[no such element: Unable to locate element: {"method":"css selector","selector":"body.fk-modal-visible:nth-child(2) div._2Sn47c:nth-child(13) div._2hriZF._2rbIyg div._2QfC02 div._2MlkI1 div._3wFoIb.row div._36HLxm.col.col-3-5 div:nth-child(1) form:nth-child(1) div.IiD88i._351hSN:nth-child(1) > input._2IX_2-.VJZDxU"}
  (Session info: chrome=98.0.4758.102)
For documentation on this error, please visit: https://selenium.dev/exceptions/#no_such_element
Build info: version: '4.1.0', revision: '87802e897b'
System info: host: 'DESKTOP-SDVES32', ip: '192.168.117.163', os.name: 'Windows 10', os.arch: 'amd64', os.version: '10.0', java.version: '1.8.0_301'
Driver info: org.openqa.selenium.chrome.ChromeDriver
Command: [d6869c49ba1d53cfa2fa1a1550dcb05a, findElement {using=css selector, value=body.fk-modal-visible:nth-child(2) div._2Sn47c:nth-child(13) div._2hriZF._2rbIyg div._2QfC02 div._2MlkI1 div._3wFoIb.row div._36HLxm.col.col-3-5 div:nth-child(1) form:nth-child(1) div.IiD88i._351hSN:nth-child(1) > input._2IX_2-.VJZDxU}]
Capabilities {acceptInsecureCerts: false, browserName: chrome, browserVersion: 98.0.4758.102, chrome: {chromedriverVersion: 98.0.4758.80 (7f0488e8ba0d8..., userDataDir: C:\Users\ajeth\AppData\Loca...}, goog:chromeOptions: {debuggerAddress: localhost:55080}, javascriptEnabled: true, networkConnectionEnabled: false, pageLoadStrategy: normal, platform: WINDOWS, platformName: WINDOWS, proxy: Proxy(), se:cdp: ws://localhost:55080/devtoo..., se:cdpVersion: 98.0.4758.102, setWindowRect: true, strictFileInteractability: false, timeouts: {implicit: 0, pageLoad: 300000, script: 30000}, unhandledPromptBehavior: dismiss and notify, webauthn:extension:credBlob: true, webauthn:extension:largeBlob: true, webauthn:virtualAuthenticators: true}
Session ID: d6869c49ba1d53cfa2fa1a1550dcb05a]]>
            </message>
            <full-stacktrace>
              <![CDATA[org.openqa.selenium.NoSuchElementException: no such element: Unable to locate element: {"method":"css selector","selector":"body.fk-modal-visible:nth-child(2) div._2Sn47c:nth-child(13) div._2hriZF._2rbIyg div._2QfC02 div._2MlkI1 div._3wFoIb.row div._36HLxm.col.col-3-5 div:nth-child(1) form:nth-child(1) div.IiD88i._351hSN:nth-child(1) > input._2IX_2-.VJZDxU"}
  (Session info: chrome=98.0.4758.102)
For documentation on this error, please visit: https://selenium.dev/exceptions/#no_such_element
Build info: version: '4.1.0', revision: '87802e897b'
System info: host: 'DESKTOP-SDVES32', ip: '192.168.117.163', os.name: 'Windows 10', os.arch: 'amd64', os.version: '10.0', java.version: '1.8.0_301'
Driver info: org.openqa.selenium.chrome.ChromeDriver
Command: [d6869c49ba1d53cfa2fa1a1550dcb05a, findElement {using=css selector, value=body.fk-modal-visible:nth-child(2) div._2Sn47c:nth-child(13) div._2hriZF._2rbIyg div._2QfC02 div._2MlkI1 div._3wFoIb.row div._36HLxm.col.col-3-5 div:nth-child(1) form:nth-child(1) div.IiD88i._351hSN:nth-child(1) > input._2IX_2-.VJZDxU}]
Capabilities {acceptInsecureCerts: false, browserName: chrome, browserVersion: 98.0.4758.102, chrome: {chromedriverVersion: 98.0.4758.80 (7f0488e8ba0d8..., userDataDir: C:\Users\ajeth\AppData\Loca...}, goog:chromeOptions: {debuggerAddress: localhost:55080}, javascriptEnabled: true, networkConnectionEnabled: false, pageLoadStrategy: normal, platform: WINDOWS, platformName: WINDOWS, proxy: Proxy(), se:cdp: ws://localhost:55080/devtoo..., se:cdpVersion: 98.0.4758.102, setWindowRect: true, strictFileInteractability: false, timeouts: {implicit: 0, pageLoad: 300000, script: 30000}, unhandledPromptBehavior: dismiss and notify, webauthn:extension:credBlob: true, webauthn:extension:largeBlob: true, webauthn:virtualAuthenticators: true}
Session ID: d6869c49ba1d53cfa2fa1a1550dcb05a
at sun.reflect.NativeConstructorAccessorImpl.newInstance0(Native Method)
at sun.reflect.NativeConstructorAccessorImpl.newInstance(Unknown Source)
at sun.reflect.DelegatingConstructorAccessorImpl.newInstance(Unknown Source)
at java.lang.reflect.Constructor.newInstance(Unknown Source)
at org.openqa.selenium.remote.codec.w3c.W3CHttpResponseCodec.createException(W3CHttpResponseCodec.java:200)
at org.openqa.selenium.remote.codec.w3c.W3CHttpResponseCodec.decode(W3CHttpResponseCodec.java:133)
at org.openqa.selenium.remote.codec.w3c.W3CHttpResponseCodec.decode(W3CHttpResponseCodec.java:53)
at org.openqa.selenium.remote.HttpCommandExecutor.execute(HttpCommandExecutor.java:184)
at org.openqa.selenium.remote.service.DriverCommandExecutor.invokeExecute(DriverCommandExecutor.java:164)
at org.openqa.selenium.remote.service.DriverCommandExecutor.execute(DriverCommandExecutor.java:139)
at org.openqa.selenium.remote.RemoteWebDriver.execute(RemoteWebDriver.java:559)
at org.openqa.selenium.remote.ElementLocation$ElementFinder$2.findElement(ElementLocation.java:162)
at org.openqa.selenium.remote.ElementLocation.findElement(ElementLocation.java:60)
at org.openqa.selenium.remote.RemoteWebDriver.findElement(RemoteWebDriver.java:383)
at org.openqa.selenium.remote.RemoteWebDriver.findElement(RemoteWebDriver.java:375)
at pageObject.LoginPage.userName(LoginPage.java:27)
at stepDefination.LandingPage.enter_and_submit(LandingPage.java:42)
at âœ½.Enter pavanscoool@gmail.com and kpavan1988 submit(src/test/java/featureFile/login.feature:10)
]]>
            </full-stacktrace>
          </exception> <!-- org.openqa.selenium.NoSuchElementException -->
          <reporter-output>
            <line>
              <![CDATA[<div "result">initailize the browser (PASSED : 18s)</div>]]>
            </line>
            <line>
              <![CDATA[<div "result">by using link &quot;https:&#x2F;&#x2F;www.flipkart.com&#x2F;&quot; (PASSED : 9s)</div>]]>
            </line>
            <line>
              <![CDATA[<div "result">CLick on login button (PASSED : 0s)</div>]]>
            </line>
            <line>
              <![CDATA[<div "result">Enter pavanscoool@gmail.com and kpavan1988 submit (FAILED : 10s)</div>]]>
            </line>
            <line>
              <![CDATA[<div "result">user should go to home page (SKIPPED)</div>]]>
            </line>
          </reporter-output>
        </test-method> <!-- runScenario -->
        <test-method status="PASS" signature="tearDownClass()[pri:0, instance:cucumberOptions.TestRunner@76707e36]" name="tearDownClass" is-config="true" duration-ms="31" started-at="2022-02-23T16:06:50 IST" finished-at="2022-02-23T16:06:50 IST">
          <reporter-output>
          </reporter-output>
        </test-method> <!-- tearDownClass -->
      </class> <!-- cucumberOptions.TestRunner -->
    </test> <!-- Surefire test -->
  </suite> <!-- Surefire suite -->
</testng-results>
