<?xml version="1.0" encoding="UTF-8"?>
<!-- Generated by org.testng.reporters.JUnitReportReporter -->
<testsuite skipped="0" hostname="DESKTOP-SDVES32" name="cucumberOptions.TestRunner" tests="1" failures="0" timestamp="2022-02-23T16:06:51 IST" time="38.206" errors="1">
  <testcase name="runScenario" time="38.206" classname="cucumberOptions.TestRunner">
    <error type="org.openqa.selenium.NoSuchElementException" message="no such element: Unable to locate element: {&quot;method&quot;:&quot;css selector&quot;,&quot;selector&quot;:&quot;body.fk-modal-visible:nth-child(2) div._2Sn47c:nth-child(13) div._2hriZF._2rbIyg div._2QfC02 div._2MlkI1 div._3wFoIb.row div._36HLxm.col.col-3-5 div:nth-child(1) form:nth-child(1) div.IiD88i._351hSN:nth-child(1) &gt; input._2IX_2-.VJZDxU&quot;}
  (Session info: chrome=98.0.4758.102)
For documentation on this error, please visit: https://selenium.dev/exceptions/#no_such_element
Build info: version: &#039;4.1.0&#039;, revision: &#039;87802e897b&#039;
System info: host: &#039;DESKTOP-SDVES32&#039;, ip: &#039;192.168.117.163&#039;, os.name: &#039;Windows 10&#039;, os.arch: &#039;amd64&#039;, os.version: &#039;10.0&#039;, java.version: &#039;1.8.0_301&#039;
Driver info: org.openqa.selenium.chrome.ChromeDriver
Command: [d6869c49ba1d53cfa2fa1a1550dcb05a, findElement {using=css selector, value=body.fk-modal-visible:nth-child(2) div._2Sn47c:nth-child(13) div._2hriZF._2rbIyg div._2QfC02 div._2MlkI1 div._3wFoIb.row div._36HLxm.col.col-3-5 div:nth-child(1) form:nth-child(1) div.IiD88i._351hSN:nth-child(1) &gt; input._2IX_2-.VJZDxU}]
Capabilities {acceptInsecureCerts: false, browserName: chrome, browserVersion: 98.0.4758.102, chrome: {chromedriverVersion: 98.0.4758.80 (7f0488e8ba0d8..., userDataDir: C:\Users\ajeth\AppData\Loca...}, goog:chromeOptions: {debuggerAddress: localhost:55080}, javascriptEnabled: true, networkConnectionEnabled: false, pageLoadStrategy: normal, platform: WINDOWS, platformName: WINDOWS, proxy: Proxy(), se:cdp: ws://localhost:55080/devtoo..., se:cdpVersion: 98.0.4758.102, setWindowRect: true, strictFileInteractability: false, timeouts: {implicit: 0, pageLoad: 300000, script: 30000}, unhandledPromptBehavior: dismiss and notify, webauthn:extension:credBlob: true, webauthn:extension:largeBlob: true, webauthn:virtualAuthenticators: true}
Session ID: d6869c49ba1d53cfa2fa1a1550dcb05a">
      <![CDATA[org.openqa.selenium.NoSuchElementException: no such element: Unable to locate element: {"method":"css selector","selector":"body.fk-modal-visible:nth-child(2) div._2Sn47c:nth-child(13) div._2hriZF._2rbIyg div._2QfC02 div._2MlkI1 div._3wFoIb.row div._36HLxm.col.col-3-5 div:nth-child(1) form:nth-child(1) div.IiD88i._351hSN:nth-child(1) > input._2IX_2-.VJZDxU"}
  (Session info: chrome=98.0.4758.102)
For documentation on this error, please visit: https://selenium.dev/exceptions/#no_such_element
Build info: version: '4.1.0', revision: '87802e897b'
System info: host: 'DESKTOP-SDVES32', ip: '192.168.117.163', os.name: 'Windows 10', os.arch: 'amd64', os.version: '10.0', java.version: '1.8.0_301'
Driver info: org.openqa.selenium.chrome.ChromeDriver
Command: [d6869c49ba1d53cfa2fa1a1550dcb05a, findElement {using=css selector, value=body.fk-modal-visible:nth-child(2) div._2Sn47c:nth-child(13) div._2hriZF._2rbIyg div._2QfC02 div._2MlkI1 div._3wFoIb.row div._36HLxm.col.col-3-5 div:nth-child(1) form:nth-child(1) div.IiD88i._351hSN:nth-child(1) > input._2IX_2-.VJZDxU}]
Capabilities {acceptInsecureCerts: false, browserName: chrome, browserVersion: 98.0.4758.102, chrome: {chromedriverVersion: 98.0.4758.80 (7f0488e8ba0d8..., userDataDir: C:\Users\ajeth\AppData\Loca...}, goog:chromeOptions: {debuggerAddress: localhost:55080}, javascriptEnabled: true, networkConnectionEnabled: false, pageLoadStrategy: normal, platform: WINDOWS, platformName: WINDOWS, proxy: Proxy(), se:cdp: ws://localhost:55080/devtoo..., se:cdpVersion: 98.0.4758.102, setWindowRect: true, strictFileInteractability: false, timeouts: {implicit: 0, pageLoad: 300000, script: 30000}, unhandledPromptBehavior: dismiss and notify, webauthn:extension:credBlob: true, webauthn:extension:largeBlob: true, webauthn:virtualAuthenticators: true}
Session ID: d6869c49ba1d53cfa2fa1a1550dcb05a
at sun.reflect.NativeConstructorAccessorImpl.newInstance0(Native Method)
at sun.reflect.NativeConstructorAccessorImpl.newInstance(Unknown Source)
at sun.reflect.DelegatingConstructorAccessorImpl.newInstance(Unknown Source)
at java.lang.reflect.Constructor.newInstance(Unknown Source)
at org.openqa.selenium.remote.codec.w3c.W3CHttpResponseCodec.createException(W3CHttpResponseCodec.java:200)
at org.openqa.selenium.remote.codec.w3c.W3CHttpResponseCodec.decode(W3CHttpResponseCodec.java:133)
at org.openqa.selenium.remote.codec.w3c.W3CHttpResponseCodec.decode(W3CHttpResponseCodec.java:53)
at org.openqa.selenium.remote.HttpCommandExecutor.execute(HttpCommandExecutor.java:184)
at org.openqa.selenium.remote.service.DriverCommandExecutor.invokeExecute(DriverCommandExecutor.java:164)
at org.openqa.selenium.remote.service.DriverCommandExecutor.execute(DriverCommandExecutor.java:139)
at org.openqa.selenium.remote.RemoteWebDriver.execute(RemoteWebDriver.java:559)
at org.openqa.selenium.remote.ElementLocation$ElementFinder$2.findElement(ElementLocation.java:162)
at org.openqa.selenium.remote.ElementLocation.findElement(ElementLocation.java:60)
at org.openqa.selenium.remote.RemoteWebDriver.findElement(RemoteWebDriver.java:383)
at org.openqa.selenium.remote.RemoteWebDriver.findElement(RemoteWebDriver.java:375)
at pageObject.LoginPage.userName(LoginPage.java:27)
at stepDefination.LandingPage.enter_and_submit(LandingPage.java:42)
at âœ½.Enter pavanscoool@gmail.com and kpavan1988 submit(src/test/java/featureFile/login.feature:10)
]]>
    </error>
  </testcase> <!-- runScenario -->
  <system-out>
    <![CDATA[<div "result">initailize the browser (PASSED : 18s)</div>
<div "result">by using link &quot;https:&#x2F;&#x2F;www.flipkart.com&#x2F;&quot; (PASSED : 9s)</div>
<div "result">CLick on login button (PASSED : 0s)</div>
<div "result">Enter pavanscoool@gmail.com and kpavan1988 submit (FAILED : 10s)</div>
<div "result">user should go to home page (SKIPPED)</div>]]>
  </system-out>
</testsuite> <!-- cucumberOptions.TestRunner -->
